2023-02-19 17:07:21 INFO  Log:11 - =====================================verifyAddUser TEST START=========================================
2023-02-19 17:07:21 INFO  Log:22 - User is going to click on SignIn
2023-02-19 17:07:22 INFO  Log:22 - User enter username and password
2023-02-19 17:07:25 INFO  Log:22 - User click on security
2023-02-19 17:07:25 INFO  Log:22 - User click on Manage Role Option
2023-02-19 17:07:35 INFO  Log:15 - =====================================verifyAdminMenuManageRole TEST END=========================================
2023-02-19 17:08:54 INFO  Log:11 - =====================================verifyAddUser TEST START=========================================
2023-02-19 17:08:54 INFO  Log:22 - User is going to click on SignIn
2023-02-19 17:08:55 INFO  Log:22 - User enter username and password
2023-02-19 17:08:57 INFO  Log:22 - User click on security
2023-02-19 17:08:58 INFO  Log:22 - User click on Manage Role Option
2023-02-19 17:09:09 INFO  Log:15 - =====================================verifyAdminMenuManageRole TEST END=========================================
2023-02-19 17:09:09 DEBUG cache:45 - Couldn't find template in cache for "spark/test.ftl"("en", UTF-8, parsed); will try to load it.
2023-02-19 17:09:09 DEBUG cache:45 - TemplateLoader.findTemplateSource("spark/test_en.ftl"): Not found
2023-02-19 17:09:09 DEBUG cache:45 - TemplateLoader.findTemplateSource("spark/test.ftl"): Found
2023-02-19 17:09:09 DEBUG cache:45 - Loading template for "spark/test.ftl"("en", UTF-8, parsed) from "jar:file:/C:/Users/chand/.m2/repository/com/aventstack/extentreports/4.0.9/extentreports-4.0.9.jar!/com/aventstack/extentreports/view/spark/test.ftl"
2023-02-19 17:09:10 DEBUG cache:45 - Couldn't find template in cache for "commons/commons-variables.ftl"("en", UTF-8, parsed); will try to load it.
2023-02-19 17:09:10 DEBUG cache:45 - TemplateLoader.findTemplateSource("commons/commons-variables_en.ftl"): Not found
2023-02-19 17:09:10 DEBUG cache:45 - TemplateLoader.findTemplateSource("commons/commons-variables.ftl"): Found
2023-02-19 17:09:10 DEBUG cache:45 - Loading template for "commons/commons-variables.ftl"("en", UTF-8, parsed) from "jar:file:/C:/Users/chand/.m2/repository/com/aventstack/extentreports/4.0.9/extentreports-4.0.9.jar!/com/aventstack/extentreports/view/commons/commons-variables.ftl"
2023-02-19 17:09:10 DEBUG cache:45 - Couldn't find template in cache for "commons/commons-macros.ftl"("en", UTF-8, parsed); will try to load it.
2023-02-19 17:09:10 DEBUG cache:45 - TemplateLoader.findTemplateSource("commons/commons-macros_en.ftl"): Not found
2023-02-19 17:09:10 DEBUG cache:45 - TemplateLoader.findTemplateSource("commons/commons-macros.ftl"): Found
2023-02-19 17:09:10 DEBUG cache:45 - Loading template for "commons/commons-macros.ftl"("en", UTF-8, parsed) from "jar:file:/C:/Users/chand/.m2/repository/com/aventstack/extentreports/4.0.9/extentreports-4.0.9.jar!/com/aventstack/extentreports/view/commons/commons-macros.ftl"
2023-02-19 17:09:10 DEBUG cache:45 - Couldn't find template in cache for "spark/macros/attributes.ftl"("en", UTF-8, parsed); will try to load it.
2023-02-19 17:09:10 DEBUG cache:45 - TemplateLoader.findTemplateSource("spark/macros/attributes_en.ftl"): Not found
2023-02-19 17:09:10 DEBUG cache:45 - TemplateLoader.findTemplateSource("spark/macros/attributes.ftl"): Found
2023-02-19 17:09:10 DEBUG cache:45 - Loading template for "spark/macros/attributes.ftl"("en", UTF-8, parsed) from "jar:file:/C:/Users/chand/.m2/repository/com/aventstack/extentreports/4.0.9/extentreports-4.0.9.jar!/com/aventstack/extentreports/view/spark/macros/attributes.ftl"
2023-02-19 17:09:10 DEBUG cache:45 - Couldn't find template in cache for "spark/macros/log.ftl"("en", UTF-8, parsed); will try to load it.
2023-02-19 17:09:10 DEBUG cache:45 - TemplateLoader.findTemplateSource("spark/macros/log_en.ftl"): Not found
2023-02-19 17:09:10 DEBUG cache:45 - TemplateLoader.findTemplateSource("spark/macros/log.ftl"): Found
2023-02-19 17:09:10 DEBUG cache:45 - Loading template for "spark/macros/log.ftl"("en", UTF-8, parsed) from "jar:file:/C:/Users/chand/.m2/repository/com/aventstack/extentreports/4.0.9/extentreports-4.0.9.jar!/com/aventstack/extentreports/view/spark/macros/log.ftl"
2023-02-19 17:09:10 DEBUG cache:45 - Couldn't find template in cache for "spark/macros/recurse_nodes.ftl"("en", UTF-8, parsed); will try to load it.
2023-02-19 17:09:10 DEBUG cache:45 - TemplateLoader.findTemplateSource("spark/macros/recurse_nodes_en.ftl"): Not found
2023-02-19 17:09:10 DEBUG cache:45 - TemplateLoader.findTemplateSource("spark/macros/recurse_nodes.ftl"): Found
2023-02-19 17:09:10 DEBUG cache:45 - Loading template for "spark/macros/recurse_nodes.ftl"("en", UTF-8, parsed) from "jar:file:/C:/Users/chand/.m2/repository/com/aventstack/extentreports/4.0.9/extentreports-4.0.9.jar!/com/aventstack/extentreports/view/spark/macros/recurse_nodes.ftl"
2023-02-19 17:09:10 DEBUG cache:45 - "spark/macros/log.ftl"("en", UTF-8, parsed) cached copy not yet stale; using cached.
2023-02-19 17:09:10 DEBUG cache:45 - Couldn't find template in cache for "spark/partials/head.ftl"("en", UTF-8, parsed); will try to load it.
2023-02-19 17:09:10 DEBUG cache:45 - TemplateLoader.findTemplateSource("spark/partials/head_en.ftl"): Not found
2023-02-19 17:09:10 DEBUG cache:45 - TemplateLoader.findTemplateSource("spark/partials/head.ftl"): Found
2023-02-19 17:09:10 DEBUG cache:45 - Loading template for "spark/partials/head.ftl"("en", UTF-8, parsed) from "jar:file:/C:/Users/chand/.m2/repository/com/aventstack/extentreports/4.0.9/extentreports-4.0.9.jar!/com/aventstack/extentreports/view/spark/partials/head.ftl"
2023-02-19 17:09:10 DEBUG cache:45 - Couldn't find template in cache for "commons/commons-inject-css.ftl"("en", UTF-8, parsed); will try to load it.
2023-02-19 17:09:10 DEBUG cache:45 - TemplateLoader.findTemplateSource("commons/commons-inject-css_en.ftl"): Not found
2023-02-19 17:09:10 DEBUG cache:45 - TemplateLoader.findTemplateSource("commons/commons-inject-css.ftl"): Found
2023-02-19 17:09:10 DEBUG cache:45 - Loading template for "commons/commons-inject-css.ftl"("en", UTF-8, parsed) from "jar:file:/C:/Users/chand/.m2/repository/com/aventstack/extentreports/4.0.9/extentreports-4.0.9.jar!/com/aventstack/extentreports/view/commons/commons-inject-css.ftl"
2023-02-19 17:09:10 DEBUG cache:45 - Couldn't find template in cache for "spark/partials/navbar.ftl"("en", UTF-8, parsed); will try to load it.
2023-02-19 17:09:10 DEBUG cache:45 - TemplateLoader.findTemplateSource("spark/partials/navbar_en.ftl"): Not found
2023-02-19 17:09:10 DEBUG cache:45 - TemplateLoader.findTemplateSource("spark/partials/navbar.ftl"): Found
2023-02-19 17:09:10 DEBUG cache:45 - Loading template for "spark/partials/navbar.ftl"("en", UTF-8, parsed) from "jar:file:/C:/Users/chand/.m2/repository/com/aventstack/extentreports/4.0.9/extentreports-4.0.9.jar!/com/aventstack/extentreports/view/spark/partials/navbar.ftl"
2023-02-19 17:09:10 DEBUG cache:45 - Couldn't find template in cache for "spark/partials/sidenav.ftl"("en", UTF-8, parsed); will try to load it.
2023-02-19 17:09:10 DEBUG cache:45 - TemplateLoader.findTemplateSource("spark/partials/sidenav_en.ftl"): Not found
2023-02-19 17:09:10 DEBUG cache:45 - TemplateLoader.findTemplateSource("spark/partials/sidenav.ftl"): Found
2023-02-19 17:09:10 DEBUG cache:45 - Loading template for "spark/partials/sidenav.ftl"("en", UTF-8, parsed) from "jar:file:/C:/Users/chand/.m2/repository/com/aventstack/extentreports/4.0.9/extentreports-4.0.9.jar!/com/aventstack/extentreports/view/spark/partials/sidenav.ftl"
2023-02-19 17:09:10 DEBUG cache:45 - Couldn't find template in cache for "spark/partials/standard-content.ftl"("en", UTF-8, parsed); will try to load it.
2023-02-19 17:09:10 DEBUG cache:45 - TemplateLoader.findTemplateSource("spark/partials/standard-content_en.ftl"): Not found
2023-02-19 17:09:10 DEBUG cache:45 - TemplateLoader.findTemplateSource("spark/partials/standard-content.ftl"): Found
2023-02-19 17:09:10 DEBUG cache:45 - Loading template for "spark/partials/standard-content.ftl"("en", UTF-8, parsed) from "jar:file:/C:/Users/chand/.m2/repository/com/aventstack/extentreports/4.0.9/extentreports-4.0.9.jar!/com/aventstack/extentreports/view/spark/partials/standard-content.ftl"
2023-02-19 17:09:10 DEBUG cache:45 - "spark/partials/standard-content.ftl"("en", UTF-8, parsed) cached copy not yet stale; using cached.
2023-02-19 17:09:10 DEBUG cache:45 - "spark/partials/standard-content.ftl"("en", UTF-8, parsed) cached copy not yet stale; using cached.
2023-02-19 17:09:10 DEBUG cache:45 - Couldn't find template in cache for "spark/partials/scripts.ftl"("en", UTF-8, parsed); will try to load it.
2023-02-19 17:09:10 DEBUG cache:45 - TemplateLoader.findTemplateSource("spark/partials/scripts_en.ftl"): Not found
2023-02-19 17:09:10 DEBUG cache:45 - TemplateLoader.findTemplateSource("spark/partials/scripts.ftl"): Found
2023-02-19 17:09:10 DEBUG cache:45 - Loading template for "spark/partials/scripts.ftl"("en", UTF-8, parsed) from "jar:file:/C:/Users/chand/.m2/repository/com/aventstack/extentreports/4.0.9/extentreports-4.0.9.jar!/com/aventstack/extentreports/view/spark/partials/scripts.ftl"
2023-02-19 17:09:10 DEBUG cache:45 - Couldn't find template in cache for "commons/commons-inject-js.ftl"("en", UTF-8, parsed); will try to load it.
2023-02-19 17:09:10 DEBUG cache:45 - TemplateLoader.findTemplateSource("commons/commons-inject-js_en.ftl"): Not found
2023-02-19 17:09:10 DEBUG cache:45 - TemplateLoader.findTemplateSource("commons/commons-inject-js.ftl"): Found
2023-02-19 17:09:10 DEBUG cache:45 - Loading template for "commons/commons-inject-js.ftl"("en", UTF-8, parsed) from "jar:file:/C:/Users/chand/.m2/repository/com/aventstack/extentreports/4.0.9/extentreports-4.0.9.jar!/com/aventstack/extentreports/view/commons/commons-inject-js.ftl"
2023-02-19 17:09:10 DEBUG cache:45 - Couldn't find template in cache for "spark/dashboard.ftl"("en", UTF-8, parsed); will try to load it.
2023-02-19 17:09:10 DEBUG cache:45 - TemplateLoader.findTemplateSource("spark/dashboard_en.ftl"): Not found
2023-02-19 17:09:10 DEBUG cache:45 - TemplateLoader.findTemplateSource("spark/dashboard.ftl"): Found
2023-02-19 17:09:10 DEBUG cache:45 - Loading template for "spark/dashboard.ftl"("en", UTF-8, parsed) from "jar:file:/C:/Users/chand/.m2/repository/com/aventstack/extentreports/4.0.9/extentreports-4.0.9.jar!/com/aventstack/extentreports/view/spark/dashboard.ftl"
2023-02-19 17:09:10 DEBUG cache:45 - Couldn't find template in cache for "commons/commons-variables.ftl"("en", UTF-8, parsed); will try to load it.
2023-02-19 17:09:10 DEBUG cache:45 - TemplateLoader.findTemplateSource("commons/commons-variables_en.ftl"): Not found
2023-02-19 17:09:10 DEBUG cache:45 - TemplateLoader.findTemplateSource("commons/commons-variables.ftl"): Found
2023-02-19 17:09:10 DEBUG cache:45 - Loading template for "commons/commons-variables.ftl"("en", UTF-8, parsed) from "jar:file:/C:/Users/chand/.m2/repository/com/aventstack/extentreports/4.0.9/extentreports-4.0.9.jar!/com/aventstack/extentreports/view/commons/commons-variables.ftl"
2023-02-19 17:09:10 DEBUG cache:45 - Couldn't find template in cache for "spark/partials/head.ftl"("en", UTF-8, parsed); will try to load it.
2023-02-19 17:09:10 DEBUG cache:45 - TemplateLoader.findTemplateSource("spark/partials/head_en.ftl"): Not found
2023-02-19 17:09:10 DEBUG cache:45 - TemplateLoader.findTemplateSource("spark/partials/head.ftl"): Found
2023-02-19 17:09:10 DEBUG cache:45 - Loading template for "spark/partials/head.ftl"("en", UTF-8, parsed) from "jar:file:/C:/Users/chand/.m2/repository/com/aventstack/extentreports/4.0.9/extentreports-4.0.9.jar!/com/aventstack/extentreports/view/spark/partials/head.ftl"
2023-02-19 17:09:10 DEBUG cache:45 - Couldn't find template in cache for "commons/commons-inject-css.ftl"("en", UTF-8, parsed); will try to load it.
2023-02-19 17:09:10 DEBUG cache:45 - TemplateLoader.findTemplateSource("commons/commons-inject-css_en.ftl"): Not found
2023-02-19 17:09:10 DEBUG cache:45 - TemplateLoader.findTemplateSource("commons/commons-inject-css.ftl"): Found
2023-02-19 17:09:10 DEBUG cache:45 - Loading template for "commons/commons-inject-css.ftl"("en", UTF-8, parsed) from "jar:file:/C:/Users/chand/.m2/repository/com/aventstack/extentreports/4.0.9/extentreports-4.0.9.jar!/com/aventstack/extentreports/view/commons/commons-inject-css.ftl"
2023-02-19 17:09:10 DEBUG cache:45 - Couldn't find template in cache for "spark/partials/navbar.ftl"("en", UTF-8, parsed); will try to load it.
2023-02-19 17:09:10 DEBUG cache:45 - TemplateLoader.findTemplateSource("spark/partials/navbar_en.ftl"): Not found
2023-02-19 17:09:10 DEBUG cache:45 - TemplateLoader.findTemplateSource("spark/partials/navbar.ftl"): Found
2023-02-19 17:09:10 DEBUG cache:45 - Loading template for "spark/partials/navbar.ftl"("en", UTF-8, parsed) from "jar:file:/C:/Users/chand/.m2/repository/com/aventstack/extentreports/4.0.9/extentreports-4.0.9.jar!/com/aventstack/extentreports/view/spark/partials/navbar.ftl"
2023-02-19 17:09:10 DEBUG cache:45 - Couldn't find template in cache for "spark/partials/sidenav.ftl"("en", UTF-8, parsed); will try to load it.
2023-02-19 17:09:10 DEBUG cache:45 - TemplateLoader.findTemplateSource("spark/partials/sidenav_en.ftl"): Not found
2023-02-19 17:09:10 DEBUG cache:45 - TemplateLoader.findTemplateSource("spark/partials/sidenav.ftl"): Found
2023-02-19 17:09:10 DEBUG cache:45 - Loading template for "spark/partials/sidenav.ftl"("en", UTF-8, parsed) from "jar:file:/C:/Users/chand/.m2/repository/com/aventstack/extentreports/4.0.9/extentreports-4.0.9.jar!/com/aventstack/extentreports/view/spark/partials/sidenav.ftl"
2023-02-19 17:09:10 DEBUG cache:45 - Couldn't find template in cache for "spark/partials/scripts.ftl"("en", UTF-8, parsed); will try to load it.
2023-02-19 17:09:10 DEBUG cache:45 - TemplateLoader.findTemplateSource("spark/partials/scripts_en.ftl"): Not found
2023-02-19 17:09:10 DEBUG cache:45 - TemplateLoader.findTemplateSource("spark/partials/scripts.ftl"): Found
2023-02-19 17:09:10 DEBUG cache:45 - Loading template for "spark/partials/scripts.ftl"("en", UTF-8, parsed) from "jar:file:/C:/Users/chand/.m2/repository/com/aventstack/extentreports/4.0.9/extentreports-4.0.9.jar!/com/aventstack/extentreports/view/spark/partials/scripts.ftl"
2023-02-19 17:09:10 DEBUG cache:45 - Couldn't find template in cache for "commons/commons-inject-js.ftl"("en", UTF-8, parsed); will try to load it.
2023-02-19 17:09:10 DEBUG cache:45 - TemplateLoader.findTemplateSource("commons/commons-inject-js_en.ftl"): Not found
2023-02-19 17:09:10 DEBUG cache:45 - TemplateLoader.findTemplateSource("commons/commons-inject-js.ftl"): Found
2023-02-19 17:09:10 DEBUG cache:45 - Loading template for "commons/commons-inject-js.ftl"("en", UTF-8, parsed) from "jar:file:/C:/Users/chand/.m2/repository/com/aventstack/extentreports/4.0.9/extentreports-4.0.9.jar!/com/aventstack/extentreports/view/commons/commons-inject-js.ftl"
2023-02-19 18:03:45 INFO  Log:11 - =====================================verifyAddUser TEST START=========================================
2023-02-19 18:03:45 INFO  Log:22 - User is going to click on SignIn
2023-02-19 18:03:46 INFO  Log:22 - User enter username and password
2023-02-19 18:03:49 INFO  Log:22 - User click on security
2023-02-19 18:03:50 INFO  Log:22 - User click on Add User Button
2023-02-19 18:10:30 INFO  Log:11 - =====================================verifyAddUser TEST START=========================================
2023-02-19 18:10:30 INFO  Log:22 - User is going to click on SignIn
2023-02-19 18:10:30 INFO  Log:22 - User enter username and password
2023-02-19 18:10:33 INFO  Log:22 - User click on security
2023-02-19 18:10:33 INFO  Log:22 - User click on Add User Button
2023-02-19 18:18:06 INFO  Log:11 - =====================================verifyAddUser TEST START=========================================
2023-02-19 18:18:06 INFO  Log:22 - User is going to click on SignIn
2023-02-19 18:18:06 INFO  Log:22 - User enter username and password
2023-02-19 18:18:09 INFO  Log:22 - User click on security
2023-02-19 18:18:09 INFO  Log:22 - User click on Add User Button
2023-02-19 18:18:13 INFO  Log:15 - =====================================verifyAddUser TEST END=========================================
2023-02-19 18:40:17 INFO  Log:11 - =====================================verifyAddUser TEST START=========================================
2023-02-19 18:40:17 INFO  Log:22 - User is going to click on SignIn
2023-02-19 18:40:18 INFO  Log:22 - User enter username and password
2023-02-19 18:41:01 INFO  Log:11 - =====================================verifyAddUser TEST START=========================================
2023-02-19 18:41:01 INFO  Log:22 - User is going to click on SignIn
2023-02-19 18:41:01 INFO  Log:22 - User enter username and password
2023-02-19 18:41:04 INFO  Log:22 - User click on security
2023-02-19 18:41:04 INFO  Log:22 - User click on Add User Button
2023-02-19 18:45:26 INFO  Log:11 - =====================================verifyAddUser TEST START=========================================
2023-02-19 18:45:26 INFO  Log:22 - User is going to click on SignIn
2023-02-19 18:45:27 INFO  Log:22 - User enter username and password
2023-02-19 18:45:29 INFO  Log:22 - User click on security
2023-02-19 18:45:30 INFO  Log:22 - User click on Add User Button
2023-02-19 18:51:32 INFO  Log:11 - =====================================verifyAddUser TEST START=========================================
2023-02-19 18:51:32 INFO  Log:22 - User is going to click on SignIn
2023-02-19 18:51:33 INFO  Log:22 - User enter username and password
2023-02-19 18:51:36 INFO  Log:22 - User click on security
2023-02-19 18:51:36 INFO  Log:22 - User click on Add User Button
2023-02-19 18:55:12 INFO  Log:11 - =====================================verifyAddUser TEST START=========================================
2023-02-19 18:55:12 INFO  Log:22 - User is going to click on SignIn
2023-02-19 18:55:13 INFO  Log:22 - User enter username and password
2023-02-19 18:55:16 INFO  Log:22 - User click on security
2023-02-19 18:55:16 INFO  Log:22 - User click on Add User Button
2023-02-19 18:56:20 INFO  Log:11 - =====================================verifyAddUser TEST START=========================================
2023-02-19 18:56:20 INFO  Log:22 - User is going to click on SignIn
2023-02-19 18:56:21 INFO  Log:22 - User enter username and password
2023-02-19 18:56:23 INFO  Log:22 - User click on security
2023-02-19 18:56:24 INFO  Log:22 - User click on Add User Button
2023-02-19 19:00:56 INFO  Log:11 - =====================================verifyAddUser TEST START=========================================
2023-02-19 19:00:56 INFO  Log:22 - User is going to click on SignIn
2023-02-19 19:00:56 INFO  Log:22 - User enter username and password
2023-02-19 19:00:59 INFO  Log:22 - User click on security
2023-02-19 19:00:59 INFO  Log:22 - User click on Add User Button
2023-02-19 19:03:29 INFO  Log:11 - =====================================verifyAddUser TEST START=========================================
2023-02-19 19:03:29 INFO  Log:22 - User is going to click on SignIn
2023-02-19 19:03:30 INFO  Log:22 - User enter username and password
2023-02-19 19:03:33 INFO  Log:22 - User click on security
2023-02-19 19:03:33 INFO  Log:22 - User click on Add User Button
2023-02-19 19:04:37 INFO  Log:11 - =====================================verifyAddUser TEST START=========================================
2023-02-19 19:04:37 INFO  Log:22 - User is going to click on SignIn
2023-02-19 19:04:38 INFO  Log:22 - User enter username and password
2023-02-19 19:04:40 INFO  Log:22 - User click on security
2023-02-19 19:04:41 INFO  Log:22 - User click on Add User Button
